<?xml version="1.0" encoding="UTF-8"?>
<testng-results ignored="0" total="2" passed="0" failed="0" skipped="2">
  <reporter-output>
  </reporter-output>
  <suite started-at="2025-01-21T17:15:29 EST" name="Default suite" finished-at="2025-01-21T17:15:29 EST" duration-ms="38">
    <groups>
    </groups>
    <test started-at="2025-01-21T17:15:29 EST" name="Default test" finished-at="2025-01-21T17:15:29 EST" duration-ms="38">
      <class name="test.HomePageTest">
        <test-method is-config="true" signature="setup()[pri:0, instance:test.HomePageTest@52af26ee]" started-at="2025-01-21T17:15:26 EST" name="setup" finished-at="2025-01-21T17:15:29 EST" duration-ms="3620" status="FAIL">
          <exception class="org.openqa.selenium.SessionNotCreatedException">
            <message>
              <![CDATA[session not created: This version of ChromeDriver only supports Chrome version 89
Current browser version is 131.0.6778.265 with binary path C:\Program Files\Google\Chrome\Application\chrome.exe
Build info: version: '3.14.0', revision: 'aacccce0', time: '2018-08-02T20:19:58.91Z'
System info: host: 'DESKTOP-FNI0RQV', ip: '192.168.1.166', os.name: 'Windows 11', os.arch: 'amd64', os.version: '10.0', java.version: '17.0.8.1'
Driver info: driver.version: ChromeDriver
remote stacktrace: Backtrace:
Ordinal0 [0x0099E7D3+124883]
Ordinal0 [0x0099E7B1+124849]
GetHandleVerifier [0x00BE8688+193832]
GetHandleVerifier [0x00C03AC5+305509]
GetHandleVerifier [0x00C0021B+291003]
GetHandleVerifier [0x00BFE0AC+282444]
GetHandleVerifier [0x00C24A90+440624]
GetHandleVerifier [0x00C247FC+439964]
GetHandleVerifier [0x00C2154B+426987]
GetHandleVerifier [0x00C04FFD+310941]
GetHandleVerifier [0x00C05D8E+314414]
GetHandleVerifier [0x00C05D19+314297]
GetHandleVerifier [0x00CC31EC+1089676]
GetHandleVerifier [0x00CC17C9+1082985]
GetHandleVerifier [0x00CC13A3+1081923]
GetHandleVerifier [0x00DBD9FD+2115741]
Ordinal0 [0x00AEB82E+1488942]
Ordinal0 [0x00A85A7D+1071741]
Ordinal0 [0x00A8559B+1070491]
Ordinal0 [0x00A854B1+1070257]
Ordinal0 [0x00ABFF53+1310547]
BaseThreadInitThunk [0x76787BA9+25]
RtlInitializeExceptionChain [0x77AAC0CB+107]
RtlClearBits [0x77AAC04F+191]
]]>
            </message>
            <full-stacktrace>
              <![CDATA[org.openqa.selenium.SessionNotCreatedException: session not created: This version of ChromeDriver only supports Chrome version 89
Current browser version is 131.0.6778.265 with binary path C:\Program Files\Google\Chrome\Application\chrome.exe
Build info: version: '3.14.0', revision: 'aacccce0', time: '2018-08-02T20:19:58.91Z'
System info: host: 'DESKTOP-FNI0RQV', ip: '192.168.1.166', os.name: 'Windows 11', os.arch: 'amd64', os.version: '10.0', java.version: '17.0.8.1'
Driver info: driver.version: ChromeDriver
remote stacktrace: Backtrace:
Ordinal0 [0x0099E7D3+124883]
Ordinal0 [0x0099E7B1+124849]
GetHandleVerifier [0x00BE8688+193832]
GetHandleVerifier [0x00C03AC5+305509]
GetHandleVerifier [0x00C0021B+291003]
GetHandleVerifier [0x00BFE0AC+282444]
GetHandleVerifier [0x00C24A90+440624]
GetHandleVerifier [0x00C247FC+439964]
GetHandleVerifier [0x00C2154B+426987]
GetHandleVerifier [0x00C04FFD+310941]
GetHandleVerifier [0x00C05D8E+314414]
GetHandleVerifier [0x00C05D19+314297]
GetHandleVerifier [0x00CC31EC+1089676]
GetHandleVerifier [0x00CC17C9+1082985]
GetHandleVerifier [0x00CC13A3+1081923]
GetHandleVerifier [0x00DBD9FD+2115741]
Ordinal0 [0x00AEB82E+1488942]
Ordinal0 [0x00A85A7D+1071741]
Ordinal0 [0x00A8559B+1070491]
Ordinal0 [0x00A854B1+1070257]
Ordinal0 [0x00ABFF53+1310547]
BaseThreadInitThunk [0x76787BA9+25]
RtlInitializeExceptionChain [0x77AAC0CB+107]
RtlClearBits [0x77AAC04F+191]

at java.base/jdk.internal.reflect.NativeConstructorAccessorImpl.newInstance0(Native Method)
at java.base/jdk.internal.reflect.NativeConstructorAccessorImpl.newInstance(NativeConstructorAccessorImpl.java:77)
at java.base/jdk.internal.reflect.DelegatingConstructorAccessorImpl.newInstance(DelegatingConstructorAccessorImpl.java:45)
at java.base/java.lang.reflect.Constructor.newInstanceWithCaller(Constructor.java:499)
at java.base/java.lang.reflect.Constructor.newInstance(Constructor.java:480)
at org.openqa.selenium.remote.W3CHandshakeResponse.lambda$new$0(W3CHandshakeResponse.java:57)
at org.openqa.selenium.remote.W3CHandshakeResponse.lambda$getResponseFunction$2(W3CHandshakeResponse.java:104)
at org.openqa.selenium.remote.ProtocolHandshake.lambda$createSession$0(ProtocolHandshake.java:122)
at java.base/java.util.stream.ReferencePipeline$3$1.accept(ReferencePipeline.java:197)
at java.base/java.util.Spliterators$ArraySpliterator.tryAdvance(Spliterators.java:1002)
at java.base/java.util.stream.ReferencePipeline.forEachWithCancel(ReferencePipeline.java:129)
at java.base/java.util.stream.AbstractPipeline.copyIntoWithCancel(AbstractPipeline.java:527)
at java.base/java.util.stream.AbstractPipeline.copyInto(AbstractPipeline.java:513)
at java.base/java.util.stream.AbstractPipeline.wrapAndCopyInto(AbstractPipeline.java:499)
at java.base/java.util.stream.FindOps$FindOp.evaluateSequential(FindOps.java:150)
at java.base/java.util.stream.AbstractPipeline.evaluate(AbstractPipeline.java:234)
at java.base/java.util.stream.ReferencePipeline.findFirst(ReferencePipeline.java:647)
at org.openqa.selenium.remote.ProtocolHandshake.createSession(ProtocolHandshake.java:125)
at org.openqa.selenium.remote.ProtocolHandshake.createSession(ProtocolHandshake.java:73)
at org.openqa.selenium.remote.HttpCommandExecutor.execute(HttpCommandExecutor.java:136)
at org.openqa.selenium.remote.service.DriverCommandExecutor.execute(DriverCommandExecutor.java:83)
at org.openqa.selenium.remote.RemoteWebDriver.execute(RemoteWebDriver.java:548)
at org.openqa.selenium.remote.RemoteWebDriver.startSession(RemoteWebDriver.java:212)
at org.openqa.selenium.remote.RemoteWebDriver.<init>(RemoteWebDriver.java:130)
at org.openqa.selenium.chrome.ChromeDriver.<init>(ChromeDriver.java:181)
at org.openqa.selenium.chrome.ChromeDriver.<init>(ChromeDriver.java:168)
at org.openqa.selenium.chrome.ChromeDriver.<init>(ChromeDriver.java:123)
at BasePage.BasePage.intialization(BasePage.java:59)
at test.HomePageTest.setup(HomePageTest.java:24)
at java.base/jdk.internal.reflect.NativeMethodAccessorImpl.invoke0(Native Method)
at java.base/jdk.internal.reflect.NativeMethodAccessorImpl.invoke(NativeMethodAccessorImpl.java:77)
at java.base/jdk.internal.reflect.DelegatingMethodAccessorImpl.invoke(DelegatingMethodAccessorImpl.java:43)
at java.base/java.lang.reflect.Method.invoke(Method.java:568)
at org.testng.internal.MethodInvocationHelper.invokeMethod(MethodInvocationHelper.java:133)
at org.testng.internal.MethodInvocationHelper.invokeMethodConsideringTimeout(MethodInvocationHelper.java:62)
at org.testng.internal.ConfigInvoker.invokeConfigurationMethod(ConfigInvoker.java:385)
at org.testng.internal.ConfigInvoker.invokeConfigurations(ConfigInvoker.java:321)
at org.testng.SuiteRunner.privateRun(SuiteRunner.java:317)
at org.testng.SuiteRunner.run(SuiteRunner.java:276)
at org.testng.SuiteRunnerWorker.runSuite(SuiteRunnerWorker.java:53)
at org.testng.SuiteRunnerWorker.run(SuiteRunnerWorker.java:96)
at org.testng.TestNG.runSuitesSequentially(TestNG.java:1212)
at org.testng.TestNG.runSuitesLocally(TestNG.java:1134)
at org.testng.TestNG.runSuites(TestNG.java:1063)
at org.testng.TestNG.run(TestNG.java:1031)
at org.testng.remote.AbstractRemoteTestNG.run(AbstractRemoteTestNG.java:115)
at org.testng.remote.RemoteTestNG.initAndRun(RemoteTestNG.java:293)
at org.testng.remote.RemoteTestNG.main(RemoteTestNG.java:91)
]]>
            </full-stacktrace>
          </exception> <!-- org.openqa.selenium.SessionNotCreatedException -->
          <reporter-output>
          </reporter-output>
        </test-method> <!-- setup -->
        <test-method signature="Regclk()[pri:1, instance:test.HomePageTest@52af26ee]" started-at="2025-01-21T17:15:29 EST" name="Regclk" finished-at="2025-01-21T17:15:29 EST" duration-ms="0" status="SKIP">
          <exception class="org.openqa.selenium.SessionNotCreatedException">
            <message>
              <![CDATA[session not created: This version of ChromeDriver only supports Chrome version 89
Current browser version is 131.0.6778.265 with binary path C:\Program Files\Google\Chrome\Application\chrome.exe
Build info: version: '3.14.0', revision: 'aacccce0', time: '2018-08-02T20:19:58.91Z'
System info: host: 'DESKTOP-FNI0RQV', ip: '192.168.1.166', os.name: 'Windows 11', os.arch: 'amd64', os.version: '10.0', java.version: '17.0.8.1'
Driver info: driver.version: ChromeDriver
remote stacktrace: Backtrace:
Ordinal0 [0x0099E7D3+124883]
Ordinal0 [0x0099E7B1+124849]
GetHandleVerifier [0x00BE8688+193832]
GetHandleVerifier [0x00C03AC5+305509]
GetHandleVerifier [0x00C0021B+291003]
GetHandleVerifier [0x00BFE0AC+282444]
GetHandleVerifier [0x00C24A90+440624]
GetHandleVerifier [0x00C247FC+439964]
GetHandleVerifier [0x00C2154B+426987]
GetHandleVerifier [0x00C04FFD+310941]
GetHandleVerifier [0x00C05D8E+314414]
GetHandleVerifier [0x00C05D19+314297]
GetHandleVerifier [0x00CC31EC+1089676]
GetHandleVerifier [0x00CC17C9+1082985]
GetHandleVerifier [0x00CC13A3+1081923]
GetHandleVerifier [0x00DBD9FD+2115741]
Ordinal0 [0x00AEB82E+1488942]
Ordinal0 [0x00A85A7D+1071741]
Ordinal0 [0x00A8559B+1070491]
Ordinal0 [0x00A854B1+1070257]
Ordinal0 [0x00ABFF53+1310547]
BaseThreadInitThunk [0x76787BA9+25]
RtlInitializeExceptionChain [0x77AAC0CB+107]
RtlClearBits [0x77AAC04F+191]
]]>
            </message>
            <full-stacktrace>
              <![CDATA[org.openqa.selenium.SessionNotCreatedException: session not created: This version of ChromeDriver only supports Chrome version 89
Current browser version is 131.0.6778.265 with binary path C:\Program Files\Google\Chrome\Application\chrome.exe
Build info: version: '3.14.0', revision: 'aacccce0', time: '2018-08-02T20:19:58.91Z'
System info: host: 'DESKTOP-FNI0RQV', ip: '192.168.1.166', os.name: 'Windows 11', os.arch: 'amd64', os.version: '10.0', java.version: '17.0.8.1'
Driver info: driver.version: ChromeDriver
remote stacktrace: Backtrace:
Ordinal0 [0x0099E7D3+124883]
Ordinal0 [0x0099E7B1+124849]
GetHandleVerifier [0x00BE8688+193832]
GetHandleVerifier [0x00C03AC5+305509]
GetHandleVerifier [0x00C0021B+291003]
GetHandleVerifier [0x00BFE0AC+282444]
GetHandleVerifier [0x00C24A90+440624]
GetHandleVerifier [0x00C247FC+439964]
GetHandleVerifier [0x00C2154B+426987]
GetHandleVerifier [0x00C04FFD+310941]
GetHandleVerifier [0x00C05D8E+314414]
GetHandleVerifier [0x00C05D19+314297]
GetHandleVerifier [0x00CC31EC+1089676]
GetHandleVerifier [0x00CC17C9+1082985]
GetHandleVerifier [0x00CC13A3+1081923]
GetHandleVerifier [0x00DBD9FD+2115741]
Ordinal0 [0x00AEB82E+1488942]
Ordinal0 [0x00A85A7D+1071741]
Ordinal0 [0x00A8559B+1070491]
Ordinal0 [0x00A854B1+1070257]
Ordinal0 [0x00ABFF53+1310547]
BaseThreadInitThunk [0x76787BA9+25]
RtlInitializeExceptionChain [0x77AAC0CB+107]
RtlClearBits [0x77AAC04F+191]

at java.base/jdk.internal.reflect.NativeConstructorAccessorImpl.newInstance0(Native Method)
at java.base/jdk.internal.reflect.NativeConstructorAccessorImpl.newInstance(NativeConstructorAccessorImpl.java:77)
at java.base/jdk.internal.reflect.DelegatingConstructorAccessorImpl.newInstance(DelegatingConstructorAccessorImpl.java:45)
at java.base/java.lang.reflect.Constructor.newInstanceWithCaller(Constructor.java:499)
at java.base/java.lang.reflect.Constructor.newInstance(Constructor.java:480)
at org.openqa.selenium.remote.W3CHandshakeResponse.lambda$new$0(W3CHandshakeResponse.java:57)
at org.openqa.selenium.remote.W3CHandshakeResponse.lambda$getResponseFunction$2(W3CHandshakeResponse.java:104)
at org.openqa.selenium.remote.ProtocolHandshake.lambda$createSession$0(ProtocolHandshake.java:122)
at java.base/java.util.stream.ReferencePipeline$3$1.accept(ReferencePipeline.java:197)
at java.base/java.util.Spliterators$ArraySpliterator.tryAdvance(Spliterators.java:1002)
at java.base/java.util.stream.ReferencePipeline.forEachWithCancel(ReferencePipeline.java:129)
at java.base/java.util.stream.AbstractPipeline.copyIntoWithCancel(AbstractPipeline.java:527)
at java.base/java.util.stream.AbstractPipeline.copyInto(AbstractPipeline.java:513)
at java.base/java.util.stream.AbstractPipeline.wrapAndCopyInto(AbstractPipeline.java:499)
at java.base/java.util.stream.FindOps$FindOp.evaluateSequential(FindOps.java:150)
at java.base/java.util.stream.AbstractPipeline.evaluate(AbstractPipeline.java:234)
at java.base/java.util.stream.ReferencePipeline.findFirst(ReferencePipeline.java:647)
at org.openqa.selenium.remote.ProtocolHandshake.createSession(ProtocolHandshake.java:125)
at org.openqa.selenium.remote.ProtocolHandshake.createSession(ProtocolHandshake.java:73)
at org.openqa.selenium.remote.HttpCommandExecutor.execute(HttpCommandExecutor.java:136)
at org.openqa.selenium.remote.service.DriverCommandExecutor.execute(DriverCommandExecutor.java:83)
at org.openqa.selenium.remote.RemoteWebDriver.execute(RemoteWebDriver.java:548)
at org.openqa.selenium.remote.RemoteWebDriver.startSession(RemoteWebDriver.java:212)
at org.openqa.selenium.remote.RemoteWebDriver.<init>(RemoteWebDriver.java:130)
at org.openqa.selenium.chrome.ChromeDriver.<init>(ChromeDriver.java:181)
at org.openqa.selenium.chrome.ChromeDriver.<init>(ChromeDriver.java:168)
at org.openqa.selenium.chrome.ChromeDriver.<init>(ChromeDriver.java:123)
at BasePage.BasePage.intialization(BasePage.java:59)
at test.HomePageTest.setup(HomePageTest.java:24)
at java.base/jdk.internal.reflect.NativeMethodAccessorImpl.invoke0(Native Method)
at java.base/jdk.internal.reflect.NativeMethodAccessorImpl.invoke(NativeMethodAccessorImpl.java:77)
at java.base/jdk.internal.reflect.DelegatingMethodAccessorImpl.invoke(DelegatingMethodAccessorImpl.java:43)
at java.base/java.lang.reflect.Method.invoke(Method.java:568)
at org.testng.internal.MethodInvocationHelper.invokeMethod(MethodInvocationHelper.java:133)
at org.testng.internal.MethodInvocationHelper.invokeMethodConsideringTimeout(MethodInvocationHelper.java:62)
at org.testng.internal.ConfigInvoker.invokeConfigurationMethod(ConfigInvoker.java:385)
at org.testng.internal.ConfigInvoker.invokeConfigurations(ConfigInvoker.java:321)
at org.testng.SuiteRunner.privateRun(SuiteRunner.java:317)
at org.testng.SuiteRunner.run(SuiteRunner.java:276)
at org.testng.SuiteRunnerWorker.runSuite(SuiteRunnerWorker.java:53)
at org.testng.SuiteRunnerWorker.run(SuiteRunnerWorker.java:96)
at org.testng.TestNG.runSuitesSequentially(TestNG.java:1212)
at org.testng.TestNG.runSuitesLocally(TestNG.java:1134)
at org.testng.TestNG.runSuites(TestNG.java:1063)
at org.testng.TestNG.run(TestNG.java:1031)
at org.testng.remote.AbstractRemoteTestNG.run(AbstractRemoteTestNG.java:115)
at org.testng.remote.RemoteTestNG.initAndRun(RemoteTestNG.java:293)
at org.testng.remote.RemoteTestNG.main(RemoteTestNG.java:91)
]]>
            </full-stacktrace>
          </exception> <!-- org.openqa.selenium.SessionNotCreatedException -->
          <reporter-output>
          </reporter-output>
        </test-method> <!-- Regclk -->
      </class> <!-- test.HomePageTest -->
      <class name="test.RegisterationTest">
        <test-method signature="reg()[pri:3, instance:test.RegisterationTest@d5b810e]" started-at="2025-01-21T17:15:29 EST" name="reg" finished-at="2025-01-21T17:15:29 EST" duration-ms="0" status="SKIP">
          <exception class="org.openqa.selenium.SessionNotCreatedException">
            <message>
              <![CDATA[session not created: This version of ChromeDriver only supports Chrome version 89
Current browser version is 131.0.6778.265 with binary path C:\Program Files\Google\Chrome\Application\chrome.exe
Build info: version: '3.14.0', revision: 'aacccce0', time: '2018-08-02T20:19:58.91Z'
System info: host: 'DESKTOP-FNI0RQV', ip: '192.168.1.166', os.name: 'Windows 11', os.arch: 'amd64', os.version: '10.0', java.version: '17.0.8.1'
Driver info: driver.version: ChromeDriver
remote stacktrace: Backtrace:
Ordinal0 [0x0099E7D3+124883]
Ordinal0 [0x0099E7B1+124849]
GetHandleVerifier [0x00BE8688+193832]
GetHandleVerifier [0x00C03AC5+305509]
GetHandleVerifier [0x00C0021B+291003]
GetHandleVerifier [0x00BFE0AC+282444]
GetHandleVerifier [0x00C24A90+440624]
GetHandleVerifier [0x00C247FC+439964]
GetHandleVerifier [0x00C2154B+426987]
GetHandleVerifier [0x00C04FFD+310941]
GetHandleVerifier [0x00C05D8E+314414]
GetHandleVerifier [0x00C05D19+314297]
GetHandleVerifier [0x00CC31EC+1089676]
GetHandleVerifier [0x00CC17C9+1082985]
GetHandleVerifier [0x00CC13A3+1081923]
GetHandleVerifier [0x00DBD9FD+2115741]
Ordinal0 [0x00AEB82E+1488942]
Ordinal0 [0x00A85A7D+1071741]
Ordinal0 [0x00A8559B+1070491]
Ordinal0 [0x00A854B1+1070257]
Ordinal0 [0x00ABFF53+1310547]
BaseThreadInitThunk [0x76787BA9+25]
RtlInitializeExceptionChain [0x77AAC0CB+107]
RtlClearBits [0x77AAC04F+191]
]]>
            </message>
            <full-stacktrace>
              <![CDATA[org.openqa.selenium.SessionNotCreatedException: session not created: This version of ChromeDriver only supports Chrome version 89
Current browser version is 131.0.6778.265 with binary path C:\Program Files\Google\Chrome\Application\chrome.exe
Build info: version: '3.14.0', revision: 'aacccce0', time: '2018-08-02T20:19:58.91Z'
System info: host: 'DESKTOP-FNI0RQV', ip: '192.168.1.166', os.name: 'Windows 11', os.arch: 'amd64', os.version: '10.0', java.version: '17.0.8.1'
Driver info: driver.version: ChromeDriver
remote stacktrace: Backtrace:
Ordinal0 [0x0099E7D3+124883]
Ordinal0 [0x0099E7B1+124849]
GetHandleVerifier [0x00BE8688+193832]
GetHandleVerifier [0x00C03AC5+305509]
GetHandleVerifier [0x00C0021B+291003]
GetHandleVerifier [0x00BFE0AC+282444]
GetHandleVerifier [0x00C24A90+440624]
GetHandleVerifier [0x00C247FC+439964]
GetHandleVerifier [0x00C2154B+426987]
GetHandleVerifier [0x00C04FFD+310941]
GetHandleVerifier [0x00C05D8E+314414]
GetHandleVerifier [0x00C05D19+314297]
GetHandleVerifier [0x00CC31EC+1089676]
GetHandleVerifier [0x00CC17C9+1082985]
GetHandleVerifier [0x00CC13A3+1081923]
GetHandleVerifier [0x00DBD9FD+2115741]
Ordinal0 [0x00AEB82E+1488942]
Ordinal0 [0x00A85A7D+1071741]
Ordinal0 [0x00A8559B+1070491]
Ordinal0 [0x00A854B1+1070257]
Ordinal0 [0x00ABFF53+1310547]
BaseThreadInitThunk [0x76787BA9+25]
RtlInitializeExceptionChain [0x77AAC0CB+107]
RtlClearBits [0x77AAC04F+191]

at java.base/jdk.internal.reflect.NativeConstructorAccessorImpl.newInstance0(Native Method)
at java.base/jdk.internal.reflect.NativeConstructorAccessorImpl.newInstance(NativeConstructorAccessorImpl.java:77)
at java.base/jdk.internal.reflect.DelegatingConstructorAccessorImpl.newInstance(DelegatingConstructorAccessorImpl.java:45)
at java.base/java.lang.reflect.Constructor.newInstanceWithCaller(Constructor.java:499)
at java.base/java.lang.reflect.Constructor.newInstance(Constructor.java:480)
at org.openqa.selenium.remote.W3CHandshakeResponse.lambda$new$0(W3CHandshakeResponse.java:57)
at org.openqa.selenium.remote.W3CHandshakeResponse.lambda$getResponseFunction$2(W3CHandshakeResponse.java:104)
at org.openqa.selenium.remote.ProtocolHandshake.lambda$createSession$0(ProtocolHandshake.java:122)
at java.base/java.util.stream.ReferencePipeline$3$1.accept(ReferencePipeline.java:197)
at java.base/java.util.Spliterators$ArraySpliterator.tryAdvance(Spliterators.java:1002)
at java.base/java.util.stream.ReferencePipeline.forEachWithCancel(ReferencePipeline.java:129)
at java.base/java.util.stream.AbstractPipeline.copyIntoWithCancel(AbstractPipeline.java:527)
at java.base/java.util.stream.AbstractPipeline.copyInto(AbstractPipeline.java:513)
at java.base/java.util.stream.AbstractPipeline.wrapAndCopyInto(AbstractPipeline.java:499)
at java.base/java.util.stream.FindOps$FindOp.evaluateSequential(FindOps.java:150)
at java.base/java.util.stream.AbstractPipeline.evaluate(AbstractPipeline.java:234)
at java.base/java.util.stream.ReferencePipeline.findFirst(ReferencePipeline.java:647)
at org.openqa.selenium.remote.ProtocolHandshake.createSession(ProtocolHandshake.java:125)
at org.openqa.selenium.remote.ProtocolHandshake.createSession(ProtocolHandshake.java:73)
at org.openqa.selenium.remote.HttpCommandExecutor.execute(HttpCommandExecutor.java:136)
at org.openqa.selenium.remote.service.DriverCommandExecutor.execute(DriverCommandExecutor.java:83)
at org.openqa.selenium.remote.RemoteWebDriver.execute(RemoteWebDriver.java:548)
at org.openqa.selenium.remote.RemoteWebDriver.startSession(RemoteWebDriver.java:212)
at org.openqa.selenium.remote.RemoteWebDriver.<init>(RemoteWebDriver.java:130)
at org.openqa.selenium.chrome.ChromeDriver.<init>(ChromeDriver.java:181)
at org.openqa.selenium.chrome.ChromeDriver.<init>(ChromeDriver.java:168)
at org.openqa.selenium.chrome.ChromeDriver.<init>(ChromeDriver.java:123)
at BasePage.BasePage.intialization(BasePage.java:59)
at test.HomePageTest.setup(HomePageTest.java:24)
at java.base/jdk.internal.reflect.NativeMethodAccessorImpl.invoke0(Native Method)
at java.base/jdk.internal.reflect.NativeMethodAccessorImpl.invoke(NativeMethodAccessorImpl.java:77)
at java.base/jdk.internal.reflect.DelegatingMethodAccessorImpl.invoke(DelegatingMethodAccessorImpl.java:43)
at java.base/java.lang.reflect.Method.invoke(Method.java:568)
at org.testng.internal.MethodInvocationHelper.invokeMethod(MethodInvocationHelper.java:133)
at org.testng.internal.MethodInvocationHelper.invokeMethodConsideringTimeout(MethodInvocationHelper.java:62)
at org.testng.internal.ConfigInvoker.invokeConfigurationMethod(ConfigInvoker.java:385)
at org.testng.internal.ConfigInvoker.invokeConfigurations(ConfigInvoker.java:321)
at org.testng.SuiteRunner.privateRun(SuiteRunner.java:317)
at org.testng.SuiteRunner.run(SuiteRunner.java:276)
at org.testng.SuiteRunnerWorker.runSuite(SuiteRunnerWorker.java:53)
at org.testng.SuiteRunnerWorker.run(SuiteRunnerWorker.java:96)
at org.testng.TestNG.runSuitesSequentially(TestNG.java:1212)
at org.testng.TestNG.runSuitesLocally(TestNG.java:1134)
at org.testng.TestNG.runSuites(TestNG.java:1063)
at org.testng.TestNG.run(TestNG.java:1031)
at org.testng.remote.AbstractRemoteTestNG.run(AbstractRemoteTestNG.java:115)
at org.testng.remote.RemoteTestNG.initAndRun(RemoteTestNG.java:293)
at org.testng.remote.RemoteTestNG.main(RemoteTestNG.java:91)
]]>
            </full-stacktrace>
          </exception> <!-- org.openqa.selenium.SessionNotCreatedException -->
          <reporter-output>
          </reporter-output>
        </test-method> <!-- reg -->
      </class> <!-- test.RegisterationTest -->
    </test> <!-- Default test -->
  </suite> <!-- Default suite -->
</testng-results>
